<?xml version="1.0" encoding="UTF-8"?>
<!-- Generated by org.testng.reporters.JUnitReportReporter -->
<testsuite hostname="DESKTOP-1B0JSGH" failures="0" tests="4" name="restapi1.HTTPRequests1" time="3.168" errors="0" timestamp="2024-02-25T23:00:28 IST" skipped="0">
  <testcase classname="restapi1.HTTPRequests1" name="createUser" time="2.289"/>
  <testcase classname="restapi1.HTTPRequests1" name="updateUser" time="0.410"/>
  <testcase classname="restapi1.HTTPRequests1" name="getAllUsers" time="0.118"/>
  <testcase classname="restapi1.HTTPRequests1" name="deleteUser" time="0.351"/>
</testsuite> <!-- restapi1.HTTPRequests1 -->
